  Apex.cpp
C:\Users\User\source\repos\Creative work\SalesMan\Apex.cpp(81,20): warning C4018: <: несоответствие типов со знаком и без знака
  Button.cpp
C:\Users\User\source\repos\Creative work\SalesMan\Button.cpp(36,66): warning C4244: аргумент: преобразование "const T" в "T", возможна потеря данных
          with
          [
              T=int
          ]
          and
          [
              T=float
          ]
C:\Users\User\source\repos\Creative work\SalesMan\Button.cpp(36,53): warning C4244: аргумент: преобразование "const T" в "T", возможна потеря данных
          with
          [
              T=int
          ]
          and
          [
              T=float
          ]
C:\Users\User\source\repos\Creative work\SalesMan\Button.cpp(37,14): warning C4244: инициализация: преобразование "sf::Int32" в "float", возможна потеря данных
  Edge.cpp
  Graph.cpp
C:\Users\User\source\repos\Creative work\SalesMan\Graph.cpp(14,20): warning C4018: <: несоответствие типов со знаком и без знака
C:\Users\User\source\repos\Creative work\SalesMan\Graph.cpp(15,21): warning C4018: <: несоответствие типов со знаком и без знака
C:\Users\User\source\repos\Creative work\SalesMan\Graph.cpp(198,20): warning C4018: <: несоответствие типов со знаком и без знака
C:\Users\User\source\repos\Creative work\SalesMan\Graph.cpp(203,20): warning C4018: <: несоответствие типов со знаком и без знака
C:\Users\User\source\repos\Creative work\SalesMan\Graph.cpp(204,25): warning C4018: <: несоответствие типов со знаком и без знака
C:\Users\User\source\repos\Creative work\SalesMan\Graph.cpp(233,20): warning C4018: <: несоответствие типов со знаком и без знака
C:\Users\User\source\repos\Creative work\SalesMan\Graph.cpp(234,21): warning C4018: <: несоответствие типов со знаком и без знака
C:\Users\User\source\repos\Creative work\SalesMan\Graph.cpp(250,20): warning C4018: <: несоответствие типов со знаком и без знака
C:\Users\User\source\repos\Creative work\SalesMan\Graph.cpp(251,21): warning C4018: <: несоответствие типов со знаком и без знака
  main.cpp
C:\Users\User\source\repos\Creative work\SalesMan\Functions.h(17,20): warning C4018: <: несоответствие типов со знаком и без знака
C:\Users\User\source\repos\Creative work\SalesMan\Functions.h(25,20): warning C4018: <: несоответствие типов со знаком и без знака
C:\Users\User\source\repos\Creative work\SalesMan\Functions.h(71,20): warning C4018: <: несоответствие типов со знаком и без знака
C:\Users\User\source\repos\Creative work\SalesMan\Functions.h(76,20): warning C4018: <: несоответствие типов со знаком и без знака
C:\Users\User\source\repos\Creative work\SalesMan\Functions.h(77,21): warning C4018: <: несоответствие типов со знаком и без знака
C:\Users\User\source\repos\Creative work\SalesMan\Functions.h(84,20): warning C4018: <: несоответствие типов со знаком и без знака
C:\Users\User\source\repos\Creative work\SalesMan\Functions.h(99,20): warning C4018: <: несоответствие типов со знаком и без знака
C:\Users\User\source\repos\Creative work\SalesMan\Functions.h(100,21): warning C4018: <: несоответствие типов со знаком и без знака
C:\Users\User\source\repos\Creative work\SalesMan\Functions.h(107,20): warning C4018: <: несоответствие типов со знаком и без знака
C:\Users\User\source\repos\Creative work\SalesMan\Functions.h(108,21): warning C4018: <: несоответствие типов со знаком и без знака
C:\Users\User\source\repos\Creative work\SalesMan\Functions.h(125,21): warning C4018: <: несоответствие типов со знаком и без знака
C:\Users\User\source\repos\Creative work\SalesMan\Functions.h(137,20): warning C4018: <: несоответствие типов со знаком и без знака
C:\Users\User\source\repos\Creative work\SalesMan\Functions.h(141,20): warning C4018: <: несоответствие типов со знаком и без знака
C:\Users\User\source\repos\Creative work\SalesMan\Functions.h(142,21): warning C4018: <: несоответствие типов со знаком и без знака
C:\Users\User\source\repos\Creative work\SalesMan\Functions.h(170,22): warning C4018: <: несоответствие типов со знаком и без знака
C:\Users\User\source\repos\Creative work\SalesMan\Functions.h(171,70): warning C4244: аргумент: преобразование "const T" в "T", возможна потеря данных
          with
          [
              T=int
          ]
          and
          [
              T=float
          ]
C:\Users\User\source\repos\Creative work\SalesMan\Functions.h(171,57): warning C4244: аргумент: преобразование "const T" в "T", возможна потеря данных
          with
          [
              T=int
          ]
          and
          [
              T=float
          ]
C:\Users\User\source\repos\Creative work\SalesMan\Functions.h(212,20): warning C4018: <: несоответствие типов со знаком и без знака
C:\Users\User\source\repos\Creative work\SalesMan\Functions.h(216,20): warning C4018: <: несоответствие типов со знаком и без знака
C:\Users\User\source\repos\Creative work\SalesMan\Functions.h(218,21): warning C4018: <: несоответствие типов со знаком и без знака
Apex.obj : error LNK2001: неразрешенный внешний символ "__declspec(dllimport) public: static class sf::RenderStates const sf::RenderStates::Default" (__imp_?Default@RenderStates@sf@@2V12@B).
Apex.obj : error LNK2001: неразрешенный внешний символ "__declspec(dllimport) public: __thiscall sf::CircleShape::CircleShape(float,unsigned int)" (__imp_??0CircleShape@sf@@QAE@MI@Z).
Apex.obj : error LNK2001: неразрешенный внешний символ "__declspec(dllimport) public: class sf::Vector2<float> const & __thiscall sf::Transformable::getPosition(void)const " (__imp_?getPosition@Transformable@sf@@QBEABV?$Vector2@M@2@XZ).
Apex.obj : error LNK2001: неразрешенный внешний символ "__declspec(dllimport) public: void __thiscall sf::Transformable::setPosition(float,float)" (__imp_?setPosition@Transformable@sf@@QAEXMM@Z).
Apex.obj : error LNK2001: неразрешенный внешний символ "__declspec(dllimport) class sf::String __cdecl sf::operator+(class sf::String const &,class sf::String const &)" (__imp_??Hsf@@YA?AVString@0@ABV10@0@Z).
Apex.obj : error LNK2001: неразрешенный внешний символ "__declspec(dllimport) public: static class sf::Color const sf::Color::Red" (__imp_?Red@Color@sf@@2V12@B).
Apex.obj : error LNK2001: неразрешенный внешний символ "__declspec(dllimport) public: static class sf::Color const sf::Color::Black" (__imp_?Black@Color@sf@@2V12@B).
Apex.obj : error LNK2001: неразрешенный внешний символ "__declspec(dllimport) public: void __thiscall sf::RenderTarget::draw(class sf::Drawable const &,class sf::RenderStates const &)" (__imp_?draw@RenderTarget@sf@@QAEXABVDrawable@2@ABVRenderStates@2@@Z).
Apex.obj : error LNK2001: неразрешенный внешний символ "__declspec(dllimport) public: class sf::Rect<float> __thiscall sf::Shape::getGlobalBounds(void)const " (__imp_?getGlobalBounds@Shape@sf@@QBE?AV?$Rect@M@2@XZ).
Apex.obj : error LNK2001: неразрешенный внешний символ "__declspec(dllimport) public: class sf::Rect<float> __thiscall sf::Shape::getLocalBounds(void)const " (__imp_?getLocalBounds@Shape@sf@@QBE?AV?$Rect@M@2@XZ).
Apex.obj : error LNK2001: неразрешенный внешний символ "__declspec(dllimport) public: void __thiscall sf::Shape::setFillColor(class sf::Color const &)" (__imp_?setFillColor@Shape@sf@@QAEXABVColor@2@@Z).
Apex.obj : error LNK2001: неразрешенный внешний символ "__declspec(dllimport) public: __thiscall sf::String::String(wchar_t const *)" (__imp_??0String@sf@@QAE@PB_W@Z).
Apex.obj : error LNK2001: неразрешенный внешний символ "__declspec(dllimport) public: class sf::Rect<float> __thiscall sf::Text::getLocalBounds(void)const " (__imp_?getLocalBounds@Text@sf@@QBE?AV?$Rect@M@2@XZ).
Apex.obj : error LNK2001: неразрешенный внешний символ "__declspec(dllimport) public: void __thiscall sf::Text::setFillColor(class sf::Color const &)" (__imp_?setFillColor@Text@sf@@QAEXABVColor@2@@Z).
Apex.obj : error LNK2001: неразрешенный внешний символ "__declspec(dllimport) public: __thiscall sf::Text::Text(void)" (__imp_??0Text@sf@@QAE@XZ).
Apex.obj : error LNK2001: неразрешенный внешний символ "__declspec(dllimport) public: __thiscall sf::Text::Text(class sf::String const &,class sf::Font const &,unsigned int)" (__imp_??0Text@sf@@QAE@ABVString@1@ABVFont@1@I@Z).
Apex.obj : error LNK2001: неразрешенный внешний символ "__declspec(dllimport) public: class sf::CircleShape & __thiscall sf::CircleShape::operator=(class sf::CircleShape &&)" (__imp_??4CircleShape@sf@@QAEAAV01@$$QAV01@@Z).
Apex.obj : error LNK2001: неразрешенный внешний символ "__declspec(dllimport) public: class sf::Text & __thiscall sf::Text::operator=(class sf::Text &&)" (__imp_??4Text@sf@@QAEAAV01@$$QAV01@@Z).
Apex.obj : error LNK2001: неразрешенный внешний символ "__declspec(dllimport) public: class sf::Text & __thiscall sf::Text::operator=(class sf::Text const &)" (__imp_??4Text@sf@@QAEAAV01@ABV01@@Z).
Apex.obj : error LNK2001: неразрешенный внешний символ "__declspec(dllimport) public: class sf::CircleShape & __thiscall sf::CircleShape::operator=(class sf::CircleShape const &)" (__imp_??4CircleShape@sf@@QAEAAV01@ABV01@@Z).
Apex.obj : error LNK2001: неразрешенный внешний символ "__declspec(dllimport) public: __thiscall sf::String::~String(void)" (__imp_??1String@sf@@QAE@XZ).
Apex.obj : error LNK2001: неразрешенный внешний символ "__declspec(dllimport) public: virtual __thiscall sf::Text::~Text(void)" (__imp_??1Text@sf@@UAE@XZ).
Apex.obj : error LNK2001: неразрешенный внешний символ "__declspec(dllimport) public: virtual __thiscall sf::CircleShape::~CircleShape(void)" (__imp_??1CircleShape@sf@@UAE@XZ).
Button.obj : error LNK2001: неразрешенный внешний символ "__declspec(dllimport) public: class sf::Time __thiscall sf::Clock::restart(void)" (__imp_?restart@Clock@sf@@QAE?AVTime@2@XZ).
Button.obj : error LNK2001: неразрешенный внешний символ "__declspec(dllimport) public: class sf::Time __thiscall sf::Clock::getElapsedTime(void)const " (__imp_?getElapsedTime@Clock@sf@@QBE?AVTime@2@XZ).
Button.obj : error LNK2001: неразрешенный внешний символ "__declspec(dllimport) public: int __thiscall sf::Time::asMilliseconds(void)const " (__imp_?asMilliseconds@Time@sf@@QBEHXZ).
Button.obj : error LNK2001: неразрешенный внешний символ "__declspec(dllimport) public: __thiscall sf::Color::Color(unsigned char,unsigned char,unsigned char,unsigned char)" (__imp_??0Color@sf@@QAE@EEEE@Z).
Button.obj : error LNK2001: неразрешенный внешний символ "__declspec(dllimport) public: void __thiscall sf::Shape::setOutlineThickness(float)" (__imp_?setOutlineThickness@Shape@sf@@QAEXM@Z).
Button.obj : error LNK2001: неразрешенный внешний символ "__declspec(dllimport) public: __thiscall sf::String::String(class std::basic_string<wchar_t,struct std::char_traits<wchar_t>,class std::allocator<wchar_t> > const &)" (__imp_??0String@sf@@QAE@ABV?$basic_string@_WU?$char_traits@_W@std@@V?$allocator@_W@2@@std@@@Z).
Button.obj : error LNK2001: неразрешенный внешний символ "__declspec(dllimport) public: void __thiscall sf::RectangleShape::setSize(class sf::Vector2<float> const &)" (__imp_?setSize@RectangleShape@sf@@QAEXABV?$Vector2@M@2@@Z).
Button.obj : error LNK2001: неразрешенный внешний символ "__declspec(dllimport) public: __thiscall sf::RectangleShape::RectangleShape(class sf::Vector2<float> const &)" (__imp_??0RectangleShape@sf@@QAE@ABV?$Vector2@M@1@@Z).
Button.obj : error LNK2001: неразрешенный внешний символ "__declspec(dllimport) public: void __thiscall sf::Text::setCharacterSize(unsigned int)" (__imp_?setCharacterSize@Text@sf@@QAEXI@Z).
Button.obj : error LNK2001: неразрешенный внешний символ "__declspec(dllimport) public: void __thiscall sf::Text::setFont(class sf::Font const &)" (__imp_?setFont@Text@sf@@QAEXABVFont@2@@Z).
Button.obj : error LNK2001: неразрешенный внешний символ "__declspec(dllimport) public: void __thiscall sf::Text::setString(class sf::String const &)" (__imp_?setString@Text@sf@@QAEXABVString@2@@Z).
Button.obj : error LNK2001: неразрешенный внешний символ "__declspec(dllimport) public: virtual __thiscall sf::RectangleShape::~RectangleShape(void)" (__imp_??1RectangleShape@sf@@UAE@XZ).
Edge.obj : error LNK2001: неразрешенный внешний символ "__declspec(dllimport) public: void __thiscall sf::Transformable::setPosition(class sf::Vector2<float> const &)" (__imp_?setPosition@Transformable@sf@@QAEXABV?$Vector2@M@2@@Z).
Edge.obj : error LNK2001: неразрешенный внешний символ "__declspec(dllimport) public: __thiscall sf::Vertex::Vertex(void)" (__imp_??0Vertex@sf@@QAE@XZ).
Edge.obj : error LNK2001: неразрешенный внешний символ "__declspec(dllimport) public: void __thiscall sf::RenderTarget::draw(class sf::Vertex const *,unsigned int,enum sf::PrimitiveType,class sf::RenderStates const &)" (__imp_?draw@RenderTarget@sf@@QAEXPBVVertex@2@IW4PrimitiveType@2@ABVRenderStates@2@@Z).
Edge.obj : error LNK2001: неразрешенный внешний символ "__declspec(dllimport) public: __thiscall sf::String::String(class std::basic_string<char,struct std::char_traits<char>,class std::allocator<char> > const &,class std::locale const &)" (__imp_??0String@sf@@QAE@ABV?$basic_string@DU?$char_traits@D@std@@V?$allocator@D@2@@std@@ABVlocale@3@@Z).
Edge.obj : error LNK2001: неразрешенный внешний символ "__declspec(dllimport) public: static class sf::Color const sf::Color::Blue" (__imp_?Blue@Color@sf@@2V12@B).
Graph.obj : error LNK2001: неразрешенный внешний символ "__declspec(dllimport) public: static class sf::Color const sf::Color::Cyan" (__imp_?Cyan@Color@sf@@2V12@B).
Graph.obj : error LNK2001: неразрешенный внешний символ "__declspec(dllimport) public: __thiscall sf::Text::Text(class sf::Text const &)" (__imp_??0Text@sf@@QAE@ABV01@@Z).
main.obj : error LNK2001: неразрешенный внешний символ "__declspec(dllimport) public: __thiscall sf::Clock::Clock(void)" (__imp_??0Clock@sf@@QAE@XZ).
main.obj : error LNK2001: неразрешенный внешний символ "__declspec(dllimport) public: static class sf::Color const sf::Color::White" (__imp_?White@Color@sf@@2V12@B).
main.obj : error LNK2001: неразрешенный внешний символ "__declspec(dllimport) public: bool __thiscall sf::Font::loadFromFile(class std::basic_string<char,struct std::char_traits<char>,class std::allocator<char> > const &)" (__imp_?loadFromFile@Font@sf@@QAE_NABV?$basic_string@DU?$char_traits@D@std@@V?$allocator@D@2@@std@@@Z).
main.obj : error LNK2001: неразрешенный внешний символ "__declspec(dllimport) public: __thiscall sf::Font::~Font(void)" (__imp_??1Font@sf@@QAE@XZ).
main.obj : error LNK2001: неразрешенный внешний символ "__declspec(dllimport) public: __thiscall sf::Font::Font(void)" (__imp_??0Font@sf@@QAE@XZ).
main.obj : error LNK2001: неразрешенный внешний символ "__declspec(dllimport) public: virtual __thiscall sf::RenderWindow::~RenderWindow(void)" (__imp_??1RenderWindow@sf@@UAE@XZ).
main.obj : error LNK2001: неразрешенный внешний символ "__declspec(dllimport) public: __thiscall sf::RenderWindow::RenderWindow(class sf::VideoMode,class sf::String const &,unsigned int,struct sf::ContextSettings const &)" (__imp_??0RenderWindow@sf@@QAE@VVideoMode@1@ABVString@1@IABUContextSettings@1@@Z).
main.obj : error LNK2001: неразрешенный внешний символ "__declspec(dllimport) public: void __thiscall sf::Window::display(void)" (__imp_?display@Window@sf@@QAEXXZ).
main.obj : error LNK2001: неразрешенный внешний символ "__declspec(dllimport) public: bool __thiscall sf::Window::pollEvent(class sf::Event &)" (__imp_?pollEvent@Window@sf@@QAE_NAAVEvent@2@@Z).
main.obj : error LNK2001: неразрешенный внешний символ "__declspec(dllimport) public: bool __thiscall sf::Window::isOpen(void)const " (__imp_?isOpen@Window@sf@@QBE_NXZ).
main.obj : error LNK2001: неразрешенный внешний символ "__declspec(dllimport) public: void __thiscall sf::Window::close(void)" (__imp_?close@Window@sf@@QAEXXZ).
main.obj : error LNK2001: неразрешенный внешний символ "__declspec(dllimport) public: void __thiscall sf::RenderTarget::clear(class sf::Color const &)" (__imp_?clear@RenderTarget@sf@@QAEXABVColor@2@@Z).
main.obj : error LNK2001: неразрешенный внешний символ "__declspec(dllimport) public: __thiscall sf::String::String(char const *,class std::locale const &)" (__imp_??0String@sf@@QAE@PBDABVlocale@std@@@Z).
main.obj : error LNK2001: неразрешенный внешний символ "__declspec(dllimport) public: __thiscall sf::VideoMode::VideoMode(unsigned int,unsigned int,unsigned int)" (__imp_??0VideoMode@sf@@QAE@III@Z).
main.obj : error LNK2001: неразрешенный внешний символ "__declspec(dllimport) public: static class sf::Vector2<int> __cdecl sf::Mouse::getPosition(class sf::Window const &)" (__imp_?getPosition@Mouse@sf@@SA?AV?$Vector2@H@2@ABVWindow@2@@Z).
C:\Users\User\source\repos\Creative work\Release\SalesMan.exe : fatal error LNK1120: неразрешенных внешних элементов: 57
